<?xml version="1.0" encoding="UTF-8"?>
<!-- Generated by org.testng.reporters.JUnitReportReporter -->
<testsuite hostname="Dell-5559" failures="0" tests="1" name="PartOne.PartOne_QuestionFour" time="8.715" errors="0" timestamp="22 Aug 2021 09:17:17 GMT" skipped="0">
  <testcase classname="PartOne.PartOne_QuestionFour" name="testMethod" time="8.715"/>
</testsuite> <!-- PartOne.PartOne_QuestionFour -->
